# JRE version: OpenJDK Runtime Environment (15.0.2+7) (build 15.0.2+7-27)
# Java VM: OpenJDK 64-Bit Server VM (15.0.2+7-27, mixed mode, tiered, compressed oops, g1 gc, windows-amd64)
GC Precious Log:
 CPUs: 8 total, 8 available
 Memory: 16192M
 Large Page Support: Disabled
 NUMA Support: Disabled
 Compressed Oops: Enabled (Zero based)
 Heap Region Size: 2M
 Heap Min Capacity: 8M
 Heap Initial Capacity: 254M
 Heap Max Capacity: 4050M
 Pre-touch: Disabled
 Parallel Workers: 8
 Concurrent Workers: 2
 Concurrent Refinement Workers: 8
 Periodic GC: Disabled
Heap:
 garbage-first heap   total 376832K, used 223232K [0x0000000702e00000, 0x0000000800000000)
  region size 2048K, 5 young (10240K), 4 survivors (8192K)
 Metaspace       used 24589K, capacity 24790K, committed 25008K, reserved 1071104K
  class space    used 2426K, capacity 2509K, committed 2560K, reserved 1048576K
GC Heap History (20 events):
Event: 1031.434 GC heap before
{Heap before GC invocations=50 (full 0):
 garbage-first heap   total 204800K, used 144944K [0x0000000702e00000, 0x0000000800000000)
  region size 2048K, 15 young (30720K), 3 survivors (6144K)
 Metaspace       used 24585K, capacity 24790K, committed 25008K, reserved 1071104K
  class space    used 2426K, capacity 2509K, committed 2560K, reserved 1048576K
}
Event: 1031.450 GC heap after
{Heap after GC invocations=51 (full 0):
 garbage-first heap   total 204800K, used 127252K [0x0000000702e00000, 0x0000000800000000)
  region size 2048K, 2 young (4096K), 2 survivors (4096K)
 Metaspace       used 24585K, capacity 24790K, committed 25008K, reserved 1071104K
  class space    used 2426K, capacity 2509K, committed 2560K, reserved 1048576K
}
Event: 1111.510 GC heap before
{Heap before GC invocations=51 (full 0):
 garbage-first heap   total 204800K, used 160020K [0x0000000702e00000, 0x0000000800000000)
  region size 2048K, 18 young (36864K), 2 survivors (4096K)
 Metaspace       used 24585K, capacity 24790K, committed 25008K, reserved 1071104K
  class space    used 2426K, capacity 2509K, committed 2560K, reserved 1048576K
}
Event: 1111.525 GC heap after
{Heap after GC invocations=52 (full 0):
 garbage-first heap   total 204800K, used 136721K [0x0000000702e00000, 0x0000000800000000)
  region size 2048K, 3 young (6144K), 3 survivors (6144K)
 Metaspace       used 24585K, capacity 24790K, committed 25008K, reserved 1071104K
  class space    used 2426K, capacity 2509K, committed 2560K, reserved 1048576K
}
Event: 1194.084 GC heap before
{Heap before GC invocations=53 (full 0):
 garbage-first heap   total 233472K, used 161297K [0x0000000702e00000, 0x0000000800000000)
  region size 2048K, 15 young (30720K), 3 survivors (6144K)
 Metaspace       used 24587K, capacity 24790K, committed 25008K, reserved 1071104K
  class space    used 2426K, capacity 2509K, committed 2560K, reserved 1048576K
}
Event: 1194.104 GC heap after
{Heap after GC invocations=54 (full 0):
 garbage-first heap   total 233472K, used 143910K [0x0000000702e00000, 0x0000000800000000)
  region size 2048K, 2 young (4096K), 2 survivors (4096K)
 Metaspace       used 24587K, capacity 24790K, committed 25008K, reserved 1071104K
  class space    used 2426K, capacity 2509K, committed 2560K, reserved 1048576K
}
Event: 1249.799 GC heap before
{Heap before GC invocations=54 (full 0):
 garbage-first heap   total 233472K, used 164390K [0x0000000702e00000, 0x0000000800000000)
  region size 2048K, 13 young (26624K), 2 survivors (4096K)
 Metaspace       used 24587K, capacity 24790K, committed 25008K, reserved 1071104K
  class space    used 2426K, capacity 2509K, committed 2560K, reserved 1048576K
}
Event: 1249.810 GC heap after
{Heap after GC invocations=55 (full 0):
 garbage-first heap   total 233472K, used 150552K [0x0000000702e00000, 0x0000000800000000)
  region size 2048K, 3 young (6144K), 3 survivors (6144K)
 Metaspace       used 24587K, capacity 24790K, committed 25008K, reserved 1071104K
  class space    used 2426K, capacity 2509K, committed 2560K, reserved 1048576K
}
Event: 1371.523 GC heap before
{Heap before GC invocations=56 (full 0):
 garbage-first heap   total 264192K, used 187416K [0x0000000702e00000, 0x0000000800000000)
  region size 2048K, 19 young (38912K), 3 survivors (6144K)
 Metaspace       used 24589K, capacity 24790K, committed 25008K, reserved 1071104K
  class space    used 2426K, capacity 2509K, committed 2560K, reserved 1048576K
}
Event: 1371.539 GC heap after
{Heap after GC invocations=57 (full 0):
 garbage-first heap   total 264192K, used 163320K [0x0000000702e00000, 0x0000000800000000)
  region size 2048K, 3 young (6144K), 3 survivors (6144K)
 Metaspace       used 24589K, capacity 24790K, committed 25008K, reserved 1071104K
  class space    used 2426K, capacity 2509K, committed 2560K, reserved 1048576K
}
Event: 1530.247 GC heap before
{Heap before GC invocations=57 (full 0):
 garbage-first heap   total 264192K, used 208376K [0x0000000702e00000, 0x0000000800000000)
  region size 2048K, 25 young (51200K), 3 survivors (6144K)
 Metaspace       used 24589K, capacity 24790K, committed 25008K, reserved 1071104K
  class space    used 2426K, capacity 2509K, committed 2560K, reserved 1048576K
}
Event: 1530.263 GC heap after
{Heap after GC invocations=58 (full 0):
 garbage-first heap   total 264192K, used 176017K [0x0000000702e00000, 0x0000000800000000)
  region size 2048K, 4 young (8192K), 4 survivors (8192K)
 Metaspace       used 24589K, capacity 24790K, committed 25008K, reserved 1071104K
  class space    used 2426K, capacity 2509K, committed 2560K, reserved 1048576K
}
Event: 1630.644 GC heap before
{Heap before GC invocations=59 (full 0):
 garbage-first heap   total 290816K, used 206737K [0x0000000702e00000, 0x0000000800000000)
  region size 2048K, 21 young (43008K), 4 survivors (8192K)
 Metaspace       used 24589K, capacity 24790K, committed 25008K, reserved 1071104K
  class space    used 2426K, capacity 2509K, committed 2560K, reserved 1048576K
}
Event: 1630.667 GC heap after
{Heap after GC invocations=60 (full 0):
 garbage-first heap   total 290816K, used 182272K [0x0000000702e00000, 0x0000000800000000)
  region size 2048K, 3 young (6144K), 3 survivors (6144K)
 Metaspace       used 24589K, capacity 24790K, committed 25008K, reserved 1071104K
  class space    used 2426K, capacity 2509K, committed 2560K, reserved 1048576K
}
Event: 1757.417 GC heap before
{Heap before GC invocations=60 (full 0):
 garbage-first heap   total 290816K, used 229376K [0x0000000702e00000, 0x0000000800000000)
  region size 2048K, 26 young (53248K), 3 survivors (6144K)
 Metaspace       used 24589K, capacity 24790K, committed 25008K, reserved 1071104K
  class space    used 2426K, capacity 2509K, committed 2560K, reserved 1048576K
}
Event: 1757.437 GC heap after
{Heap after GC invocations=61 (full 0):
 garbage-first heap   total 290816K, used 195642K [0x0000000702e00000, 0x0000000800000000)
  region size 2048K, 4 young (8192K), 4 survivors (8192K)
 Metaspace       used 24589K, capacity 24790K, committed 25008K, reserved 1071104K
  class space    used 2426K, capacity 2509K, committed 2560K, reserved 1048576K
}
Event: 1855.656 GC heap before
{Heap before GC invocations=62 (full 0):
 garbage-first heap   total 331776K, used 230458K [0x0000000702e00000, 0x0000000800000000)
  region size 2048K, 21 young (43008K), 4 survivors (8192K)
 Metaspace       used 24589K, capacity 24790K, committed 25008K, reserved 1071104K
  class space    used 2426K, capacity 2509K, committed 2560K, reserved 1048576K
}
Event: 1855.688 GC heap after
{Heap after GC invocations=63 (full 0):
 garbage-first heap   total 331776K, used 205687K [0x0000000702e00000, 0x0000000800000000)
  region size 2048K, 3 young (6144K), 3 survivors (6144K)
 Metaspace       used 24589K, capacity 24790K, committed 25008K, reserved 1071104K
  class space    used 2426K, capacity 2509K, committed 2560K, reserved 1048576K
}
Event: 1964.520 GC heap before
{Heap before GC invocations=63 (full 0):
 garbage-first heap   total 331776K, used 242551K [0x0000000702e00000, 0x0000000800000000)
  region size 2048K, 22 young (45056K), 3 survivors (6144K)
 Metaspace       used 24589K, capacity 24790K, committed 25008K, reserved 1071104K
  class space    used 2426K, capacity 2509K, committed 2560K, reserved 1048576K
}
Event: 1964.533 GC heap after
{Heap after GC invocations=64 (full 0):
 garbage-first heap   total 331776K, used 217088K [0x0000000702e00000, 0x0000000800000000)
  region size 2048K, 4 young (8192K), 4 survivors (8192K)
 Metaspace       used 24589K, capacity 24790K, committed 25008K, reserved 1071104K
  class space    used 2426K, capacity 2509K, committed 2560K, reserved 1048576K
}

