# JRE version: OpenJDK Runtime Environment (15.0.2+7) (build 15.0.2+7-27)
# Java VM: OpenJDK 64-Bit Server VM (15.0.2+7-27, mixed mode, tiered, compressed oops, g1 gc, windows-amd64)
GC Precious Log:
 CPUs: 8 total, 8 available
 Memory: 16192M
 Large Page Support: Disabled
 NUMA Support: Disabled
 Compressed Oops: Enabled (Zero based)
 Heap Region Size: 2M
 Heap Min Capacity: 8M
 Heap Initial Capacity: 254M
 Heap Max Capacity: 4050M
 Pre-touch: Disabled
 Parallel Workers: 8
 Concurrent Workers: 2
 Concurrent Refinement Workers: 8
 Periodic GC: Disabled
Heap:
 garbage-first heap   total 1011712K, used 602865K [0x0000000702e00000, 0x0000000800000000)
  region size 2048K, 11 young (22528K), 10 survivors (20480K)
 Metaspace       used 24827K, capacity 25048K, committed 25264K, reserved 1073152K
  class space    used 2410K, capacity 2478K, committed 2560K, reserved 1048576K
GC Heap History (20 events):
Event: 2776.245 GC heap before
{Heap before GC invocations=48 (full 0):
 garbage-first heap   total 522240K, used 415744K [0x0000000702e00000, 0x0000000800000000)
  region size 2048K, 48 young (98304K), 5 survivors (10240K)
 Metaspace       used 24923K, capacity 25187K, committed 25264K, reserved 1073152K
  class space    used 2427K, capacity 2511K, committed 2560K, reserved 1048576K
}
Event: 2776.266 GC heap after
{Heap after GC invocations=49 (full 0):
 garbage-first heap   total 522240K, used 352256K [0x0000000702e00000, 0x0000000800000000)
  region size 2048K, 6 young (12288K), 6 survivors (12288K)
 Metaspace       used 24923K, capacity 25187K, committed 25264K, reserved 1073152K
  class space    used 2427K, capacity 2511K, committed 2560K, reserved 1048576K
}
Event: 2787.587 GC heap before
{Heap before GC invocations=50 (full 0):
 garbage-first heap   total 591872K, used 358400K [0x0000000702e00000, 0x0000000800000000)
  region size 2048K, 10 young (20480K), 6 survivors (12288K)
 Metaspace       used 24923K, capacity 25187K, committed 25264K, reserved 1073152K
  class space    used 2427K, capacity 2511K, committed 2560K, reserved 1048576K
}
Event: 2787.598 GC heap after
{Heap after GC invocations=51 (full 0):
 garbage-first heap   total 591872K, used 356413K [0x0000000702e00000, 0x0000000800000000)
  region size 2048K, 2 young (4096K), 2 survivors (4096K)
 Metaspace       used 24923K, capacity 25187K, committed 25264K, reserved 1073152K
  class space    used 2427K, capacity 2511K, committed 2560K, reserved 1048576K
}
Event: 2996.247 GC heap before
{Heap before GC invocations=52 (full 0):
 garbage-first heap   total 614400K, used 473149K [0x0000000702e00000, 0x0000000800000000)
  region size 2048K, 55 young (112640K), 2 survivors (4096K)
 Metaspace       used 24923K, capacity 25187K, committed 25264K, reserved 1073152K
  class space    used 2427K, capacity 2511K, committed 2560K, reserved 1048576K
}
Event: 2996.278 GC heap after
{Heap after GC invocations=53 (full 0):
 garbage-first heap   total 614400K, used 393929K [0x0000000702e00000, 0x0000000800000000)
  region size 2048K, 7 young (14336K), 7 survivors (14336K)
 Metaspace       used 24923K, capacity 25187K, committed 25264K, reserved 1073152K
  class space    used 2427K, capacity 2511K, committed 2560K, reserved 1048576K
}
Event: 3154.847 GC heap before
{Heap before GC invocations=53 (full 0):
 garbage-first heap   total 614400K, used 488137K [0x0000000702e00000, 0x0000000800000000)
  region size 2048K, 53 young (108544K), 7 survivors (14336K)
 Metaspace       used 24923K, capacity 25187K, committed 25264K, reserved 1073152K
  class space    used 2427K, capacity 2511K, committed 2560K, reserved 1048576K
}
Event: 3154.870 GC heap after
{Heap after GC invocations=54 (full 0):
 garbage-first heap   total 614400K, used 420231K [0x0000000702e00000, 0x0000000800000000)
  region size 2048K, 7 young (14336K), 7 survivors (14336K)
 Metaspace       used 24923K, capacity 25187K, committed 25264K, reserved 1073152K
  class space    used 2427K, capacity 2511K, committed 2560K, reserved 1048576K
}
Event: 3290.997 GC heap before
{Heap before GC invocations=55 (full 0):
 garbage-first heap   total 696320K, used 489863K [0x0000000702e00000, 0x0000000800000000)
  region size 2048K, 44 young (90112K), 7 survivors (14336K)
 Metaspace       used 24923K, capacity 25187K, committed 25264K, reserved 1073152K
  class space    used 2427K, capacity 2511K, committed 2560K, reserved 1048576K
}
Event: 3291.016 GC heap after
{Heap after GC invocations=56 (full 0):
 garbage-first heap   total 696320K, used 435870K [0x0000000702e00000, 0x0000000800000000)
  region size 2048K, 6 young (12288K), 6 survivors (12288K)
 Metaspace       used 24923K, capacity 25187K, committed 25264K, reserved 1073152K
  class space    used 2427K, capacity 2511K, committed 2560K, reserved 1048576K
}
Event: 3485.742 GC heap before
{Heap before GC invocations=56 (full 0):
 garbage-first heap   total 696320K, used 550558K [0x0000000702e00000, 0x0000000800000000)
  region size 2048K, 62 young (126976K), 6 survivors (12288K)
 Metaspace       used 24923K, capacity 25187K, committed 25264K, reserved 1073152K
  class space    used 2427K, capacity 2511K, committed 2560K, reserved 1048576K
}
Event: 3485.769 GC heap after
{Heap after GC invocations=57 (full 0):
 garbage-first heap   total 696320K, used 468608K [0x0000000702e00000, 0x0000000800000000)
  region size 2048K, 8 young (16384K), 8 survivors (16384K)
 Metaspace       used 24923K, capacity 25187K, committed 25264K, reserved 1073152K
  class space    used 2427K, capacity 2511K, committed 2560K, reserved 1048576K
}
Event: 3639.193 GC heap before
{Heap before GC invocations=58 (full 0):
 garbage-first heap   total 786432K, used 558720K [0x0000000702e00000, 0x0000000800000000)
  region size 2048K, 52 young (106496K), 8 survivors (16384K)
 Metaspace       used 24923K, capacity 25187K, committed 25264K, reserved 1073152K
  class space    used 2427K, capacity 2511K, committed 2560K, reserved 1048576K
}
Event: 3639.228 GC heap after
{Heap after GC invocations=59 (full 0):
 garbage-first heap   total 786432K, used 494198K [0x0000000702e00000, 0x0000000800000000)
  region size 2048K, 7 young (14336K), 7 survivors (14336K)
 Metaspace       used 24923K, capacity 25187K, committed 25264K, reserved 1073152K
  class space    used 2427K, capacity 2511K, committed 2560K, reserved 1048576K
}
Event: 3799.395 GC heap before
{Heap before GC invocations=59 (full 0):
 garbage-first heap   total 786432K, used 610934K [0x0000000702e00000, 0x0000000800000000)
  region size 2048K, 65 young (133120K), 7 survivors (14336K)
 Metaspace       used 24923K, capacity 25187K, committed 25264K, reserved 1073152K
  class space    used 2427K, capacity 2511K, committed 2560K, reserved 1048576K
}
Event: 3799.422 GC heap after
{Heap after GC invocations=60 (full 0):
 garbage-first heap   total 786432K, used 527620K [0x0000000702e00000, 0x0000000800000000)
  region size 2048K, 9 young (18432K), 9 survivors (18432K)
 Metaspace       used 24923K, capacity 25187K, committed 25264K, reserved 1073152K
  class space    used 2427K, capacity 2511K, committed 2560K, reserved 1048576K
}
Event: 3950.672 GC heap before
{Heap before GC invocations=61 (full 0):
 garbage-first heap   total 905216K, used 650500K [0x0000000702e00000, 0x0000000800000000)
  region size 2048K, 63 young (129024K), 9 survivors (18432K)
 Metaspace       used 24827K, capacity 25048K, committed 25264K, reserved 1073152K
  class space    used 2410K, capacity 2478K, committed 2560K, reserved 1048576K
}
Event: 3950.704 GC heap after
{Heap after GC invocations=62 (full 0):
 garbage-first heap   total 905216K, used 571392K [0x0000000702e00000, 0x0000000800000000)
  region size 2048K, 8 young (16384K), 8 survivors (16384K)
 Metaspace       used 24827K, capacity 25048K, committed 25264K, reserved 1073152K
  class space    used 2410K, capacity 2478K, committed 2560K, reserved 1048576K
}
Event: 4136.952 GC heap before
{Heap before GC invocations=62 (full 0):
 garbage-first heap   total 905216K, used 712704K [0x0000000702e00000, 0x0000000800000000)
  region size 2048K, 77 young (157696K), 8 survivors (16384K)
 Metaspace       used 24827K, capacity 25048K, committed 25264K, reserved 1073152K
  class space    used 2410K, capacity 2478K, committed 2560K, reserved 1048576K
}
Event: 4136.984 GC heap after
{Heap after GC invocations=63 (full 0):
 garbage-first heap   total 905216K, used 611057K [0x0000000702e00000, 0x0000000800000000)
  region size 2048K, 10 young (20480K), 10 survivors (20480K)
 Metaspace       used 24827K, capacity 25048K, committed 25264K, reserved 1073152K
  class space    used 2410K, capacity 2478K, committed 2560K, reserved 1048576K
}

